  lab21.cpp
C:\Users\vanya\YandexDisk\учеба\системное программирование\лабы\21\lab21\lab21.cpp(49,37): warning C4474: "printf_s" : для строки формата передано слишком много аргументов
C:\Users\vanya\YandexDisk\учеба\системное программирование\лабы\21\lab21\lab21.cpp(49,37): message : заполнители и их параметры ожидают переменное число аргументов в количестве 1, но было предоставлено 3
C:\Users\vanya\YandexDisk\учеба\системное программирование\лабы\21\lab21\lab21.cpp(50,11): warning C4477: "printf": в строке форматирования "%s" требуется аргумент типа "char *", но вариативный аргумент "1" имеет тип "TCHAR *"
C:\Users\vanya\YandexDisk\учеба\системное программирование\лабы\21\lab21\lab21.cpp(50,11): message : рекомендуется использовать "%ls" в строке форматирования
C:\Users\vanya\YandexDisk\учеба\системное программирование\лабы\21\lab21\lab21.cpp(50,11): message : рекомендуется использовать "%lls" в строке форматирования
C:\Users\vanya\YandexDisk\учеба\системное программирование\лабы\21\lab21\lab21.cpp(50,11): message : рекомендуется использовать "%Ls" в строке форматирования
C:\Users\vanya\YandexDisk\учеба\системное программирование\лабы\21\lab21\lab21.cpp(50,11): message : рекомендуется использовать "%ws" в строке форматирования
C:\Users\vanya\YandexDisk\учеба\системное программирование\лабы\21\lab21\lab21.cpp(79,26): warning C4477: "printf": в строке форматирования "%s" требуется аргумент типа "char *", но вариативный аргумент "1" имеет тип "LPTSTR"
C:\Users\vanya\YandexDisk\учеба\системное программирование\лабы\21\lab21\lab21.cpp(79,26): message : рекомендуется использовать "%ls" в строке форматирования
C:\Users\vanya\YandexDisk\учеба\системное программирование\лабы\21\lab21\lab21.cpp(79,26): message : рекомендуется использовать "%lls" в строке форматирования
C:\Users\vanya\YandexDisk\учеба\системное программирование\лабы\21\lab21\lab21.cpp(79,26): message : рекомендуется использовать "%Ls" в строке форматирования
C:\Users\vanya\YandexDisk\учеба\системное программирование\лабы\21\lab21\lab21.cpp(79,26): message : рекомендуется использовать "%ws" в строке форматирования
C:\Users\vanya\YandexDisk\учеба\системное программирование\лабы\21\lab21\lab21.cpp(82,14): warning C4477: "printf_s": в строке форматирования "%s" требуется аргумент типа "char *", но вариативный аргумент "1" имеет тип "TCHAR *"
C:\Users\vanya\YandexDisk\учеба\системное программирование\лабы\21\lab21\lab21.cpp(82,14): message : рекомендуется использовать "%ls" в строке форматирования
C:\Users\vanya\YandexDisk\учеба\системное программирование\лабы\21\lab21\lab21.cpp(82,14): message : рекомендуется использовать "%lls" в строке форматирования
C:\Users\vanya\YandexDisk\учеба\системное программирование\лабы\21\lab21\lab21.cpp(82,14): message : рекомендуется использовать "%Ls" в строке форматирования
C:\Users\vanya\YandexDisk\учеба\системное программирование\лабы\21\lab21\lab21.cpp(82,14): message : рекомендуется использовать "%ws" в строке форматирования
C:\Users\vanya\YandexDisk\учеба\системное программирование\лабы\21\lab21\lab21.cpp(84,14): warning C4477: "printf_s": в строке форматирования "%s" требуется аргумент типа "char *", но вариативный аргумент "2" имеет тип "TCHAR *"
C:\Users\vanya\YandexDisk\учеба\системное программирование\лабы\21\lab21\lab21.cpp(84,14): message : рекомендуется использовать "%ls" в строке форматирования
C:\Users\vanya\YandexDisk\учеба\системное программирование\лабы\21\lab21\lab21.cpp(84,14): message : рекомендуется использовать "%lls" в строке форматирования
C:\Users\vanya\YandexDisk\учеба\системное программирование\лабы\21\lab21\lab21.cpp(84,14): message : рекомендуется использовать "%Ls" в строке форматирования
C:\Users\vanya\YandexDisk\учеба\системное программирование\лабы\21\lab21\lab21.cpp(84,14): message : рекомендуется использовать "%ws" в строке форматирования
C:\Users\vanya\YandexDisk\учеба\системное программирование\лабы\21\lab21\lab21.cpp(86,12): warning C4477: "printf": в строке форматирования "%s" требуется аргумент типа "char *", но вариативный аргумент "1" имеет тип "TCHAR *"
C:\Users\vanya\YandexDisk\учеба\системное программирование\лабы\21\lab21\lab21.cpp(86,12): message : рекомендуется использовать "%ls" в строке форматирования
C:\Users\vanya\YandexDisk\учеба\системное программирование\лабы\21\lab21\lab21.cpp(86,12): message : рекомендуется использовать "%lls" в строке форматирования
C:\Users\vanya\YandexDisk\учеба\системное программирование\лабы\21\lab21\lab21.cpp(86,12): message : рекомендуется использовать "%Ls" в строке форматирования
C:\Users\vanya\YandexDisk\учеба\системное программирование\лабы\21\lab21\lab21.cpp(86,12): message : рекомендуется использовать "%ws" в строке форматирования
  lab21.vcxproj -> C:\Users\vanya\YandexDisk\учеба\системное программирование\лабы\21\lab21\Debug\lab21.exe
